\BOOKMARK [0][-]{chapter.1}{\376\377\0001\000\040\000M\000o\000d\000u\000l\000e\000s\000\040\000I\000n\000d\000e\000x}{}% 1
\BOOKMARK [1][-]{section.1.1}{\376\377\0001\000.\0001\000\040\000M\000o\000d\000u\000l\000e\000s\000\040\000L\000i\000s\000t}{chapter.1}% 2
\BOOKMARK [0][-]{chapter.2}{\376\377\0002\000\040\000F\000i\000l\000e\000\040\000I\000n\000d\000e\000x}{}% 3
\BOOKMARK [1][-]{section.2.1}{\376\377\0002\000.\0001\000\040\000F\000i\000l\000e\000\040\000L\000i\000s\000t}{chapter.2}% 4
\BOOKMARK [0][-]{chapter.3}{\376\377\0003\000\040\000M\000o\000d\000u\000l\000e\000\040\000D\000o\000c\000u\000m\000e\000n\000t\000a\000t\000i\000o\000n}{}% 5
\BOOKMARK [1][-]{section.3.1}{\376\377\0003\000.\0001\000\040\000v\000a\000r\000\137\000n\000e\000i\000\040\000M\000o\000d\000u\000l\000e\000\040\000R\000e\000f\000e\000r\000e\000n\000c\000e}{chapter.3}% 6
\BOOKMARK [2][-]{subsection.3.1.1}{\376\377\0003\000.\0001\000.\0001\000\040\000F\000u\000n\000c\000t\000i\000o\000n\000/\000S\000u\000b\000r\000o\000u\000t\000i\000n\000e\000\040\000D\000o\000c\000u\000m\000e\000n\000t\000a\000t\000i\000o\000n}{section.3.1}% 7
\BOOKMARK [3][-]{subsubsection.3.1.1.1}{\376\377\0003\000.\0001\000.\0001\000.\0001\000\040\000c\000h\000e\000c\000k\000\050\000\051}{subsection.3.1.1}% 8
\BOOKMARK [3][-]{subsubsection.3.1.1.2}{\376\377\0003\000.\0001\000.\0001\000.\0002\000\040\000l\000e\000e\000\137\000n\000m\000l\000\050\000\051}{subsection.3.1.1}% 9
\BOOKMARK [2][-]{subsection.3.1.2}{\376\377\0003\000.\0001\000.\0002\000\040\000V\000a\000r\000i\000a\000b\000l\000e\000\040\000D\000o\000c\000u\000m\000e\000n\000t\000a\000t\000i\000o\000n}{section.3.1}% 10
\BOOKMARK [3][-]{subsubsection.3.1.2.1}{\376\377\0003\000.\0001\000.\0002\000.\0001\000\040\000c\000d\000a\000y}{subsection.3.1.2}% 11
\BOOKMARK [3][-]{subsubsection.3.1.2.2}{\376\377\0003\000.\0001\000.\0002\000.\0002\000\040\000c\000e\000n\000l\000a\000t}{subsection.3.1.2}% 12
\BOOKMARK [3][-]{subsubsection.3.1.2.3}{\376\377\0003\000.\0001\000.\0002\000.\0003\000\040\000c\000e\000n\000l\000o\000n}{subsection.3.1.2}% 13
\BOOKMARK [3][-]{subsubsection.3.1.2.4}{\376\377\0003\000.\0001\000.\0002\000.\0004\000\040\000c\000n\000a\000m\000e}{subsection.3.1.2}% 14
\BOOKMARK [3][-]{subsubsection.3.1.2.5}{\376\377\0003\000.\0001\000.\0002\000.\0005\000\040\000c\000u\000r\000r\000e\000n\000t\000\137\000d\000a\000t\000e}{subsection.3.1.2}% 15
\BOOKMARK [3][-]{subsubsection.3.1.2.6}{\376\377\0003\000.\0001\000.\0002\000.\0006\000\040\000d\000l\000a\000t}{subsection.3.1.2}% 16
\BOOKMARK [3][-]{subsubsection.3.1.2.7}{\376\377\0003\000.\0001\000.\0002\000.\0007\000\040\000d\000l\000o\000n}{subsection.3.1.2}% 17
\BOOKMARK [3][-]{subsubsection.3.1.2.8}{\376\377\0003\000.\0001\000.\0002\000.\0008\000\040\000d\000x}{subsection.3.1.2}% 18
\BOOKMARK [3][-]{subsubsection.3.1.2.9}{\376\377\0003\000.\0001\000.\0002\000.\0009\000\040\000d\000y}{subsection.3.1.2}% 19
\BOOKMARK [3][-]{subsubsection.3.1.2.10}{\376\377\0003\000.\0001\000.\0002\000.\0001\0000\000\040\000e\000m\000i\000s\000s\0003\000d}{subsection.3.1.2}% 20
\BOOKMARK [3][-]{subsubsection.3.1.2.11}{\376\377\0003\000.\0001\000.\0002\000.\0001\0001\000\040\000e\000n\000a\000m\000e}{subsection.3.1.2}% 21
\BOOKMARK [3][-]{subsubsection.3.1.2.12}{\376\377\0003\000.\0001\000.\0002\000.\0001\0002\000\040\000e\000n\000a\000m\000e\0001}{subsection.3.1.2}% 22
\BOOKMARK [3][-]{subsubsection.3.1.2.13}{\376\377\0003\000.\0001\000.\0002\000.\0001\0003\000\040\000g\000m\000t}{subsection.3.1.2}% 23
\BOOKMARK [3][-]{subsubsection.3.1.2.14}{\376\377\0003\000.\0001\000.\0002\000.\0001\0004\000\040\000g\000r\000i\000d\000\137\000i\000d}{subsection.3.1.2}% 24
\BOOKMARK [3][-]{subsubsection.3.1.2.15}{\376\377\0003\000.\0001\000.\0002\000.\0001\0005\000\040\000h\000h}{subsection.3.1.2}% 25
\BOOKMARK [3][-]{subsubsection.3.1.2.16}{\376\377\0003\000.\0001\000.\0002\000.\0001\0006\000\040\000i\000s\000i\000c\000e}{subsection.3.1.2}% 26
\BOOKMARK [3][-]{subsubsection.3.1.2.17}{\376\377\0003\000.\0001\000.\0002\000.\0001\0007\000\040\000i\000s\000l\000a\000k\000e}{subsection.3.1.2}% 27
\BOOKMARK [3][-]{subsubsection.3.1.2.18}{\376\377\0003\000.\0001\000.\0002\000.\0001\0008\000\040\000i\000s\000o\000i\000l\000w\000a\000t\000e\000r}{subsection.3.1.2}% 28
\BOOKMARK [3][-]{subsubsection.3.1.2.19}{\376\377\0003\000.\0001\000.\0002\000.\0001\0009\000\040\000i\000s\000u\000r\000b\000a\000n}{subsection.3.1.2}% 29
\BOOKMARK [3][-]{subsubsection.3.1.2.20}{\376\377\0003\000.\0001\000.\0002\000.\0002\0000\000\040\000i\000s\000w\000a\000t\000e\000r}{subsection.3.1.2}% 30
\BOOKMARK [3][-]{subsubsection.3.1.2.21}{\376\377\0003\000.\0001\000.\0002\000.\0002\0001\000\040\000i\000t\000i\000m\000e}{subsection.3.1.2}% 31
\BOOKMARK [3][-]{subsubsection.3.1.2.22}{\376\377\0003\000.\0001\000.\0002\000.\0002\0002\000\040\000j\000u\000l\000d\000a\000y}{subsection.3.1.2}% 32
\BOOKMARK [3][-]{subsubsection.3.1.2.23}{\376\377\0003\000.\0001\000.\0002\000.\0002\0003\000\040\000j\000u\000l\000y\000r}{subsection.3.1.2}% 33
\BOOKMARK [3][-]{subsubsection.3.1.2.24}{\376\377\0003\000.\0001\000.\0002\000.\0002\0004\000\040\000m\000a\000p\000\137\000p\000r\000o\000j\000\137\000c\000h\000a\000r}{subsection.3.1.2}% 34
\BOOKMARK [3][-]{subsubsection.3.1.2.25}{\376\377\0003\000.\0001\000.\0002\000.\0002\0005\000\040\000m\000a\000p\000p\000r\000o\000j}{subsection.3.1.2}% 35
\BOOKMARK [3][-]{subsubsection.3.1.2.26}{\376\377\0003\000.\0001\000.\0002\000.\0002\0006\000\040\000m\000e\000c\000h\000a}{subsection.3.1.2}% 36
\BOOKMARK [3][-]{subsubsection.3.1.2.27}{\376\377\0003\000.\0001\000.\0002\000.\0002\0007\000\040\000m\000m\000i\000n\000l\000u}{subsection.3.1.2}% 37
\BOOKMARK [3][-]{subsubsection.3.1.2.28}{\376\377\0003\000.\0001\000.\0002\000.\0002\0008\000\040\000m\000o\000a\000d\000c\000e\000n\000l\000a\000t}{subsection.3.1.2}% 38
\BOOKMARK [3][-]{subsubsection.3.1.2.29}{\376\377\0003\000.\0001\000.\0002\000.\0002\0009\000\040\000n\000d\000i\000m\000s}{subsection.3.1.2}% 39
\BOOKMARK [3][-]{subsubsection.3.1.2.30}{\376\377\0003\000.\0001\000.\0002\000.\0003\0000\000\040\000n\000h}{subsection.3.1.2}% 40
\BOOKMARK [3][-]{subsubsection.3.1.2.31}{\376\377\0003\000.\0001\000.\0002\000.\0003\0001\000\040\000n\000r\000a\000d\000m}{subsection.3.1.2}% 41
\BOOKMARK [3][-]{subsubsection.3.1.2.32}{\376\377\0003\000.\0001\000.\0002\000.\0003\0002\000\040\000n\000u\000m\000\137\000l\000a\000n\000d\000\137\000c\000a\000t}{subsection.3.1.2}% 42
\BOOKMARK [3][-]{subsubsection.3.1.2.33}{\376\377\0003\000.\0001\000.\0002\000.\0003\0003\000\040\000p\000o\000l\000l\000a\000t}{subsection.3.1.2}% 43
\BOOKMARK [3][-]{subsubsection.3.1.2.34}{\376\377\0003\000.\0001\000.\0002\000.\0003\0004\000\040\000p\000o\000l\000l\000o\000n}{subsection.3.1.2}% 44
\BOOKMARK [3][-]{subsubsection.3.1.2.35}{\376\377\0003\000.\0001\000.\0002\000.\0003\0005\000\040\000r\000a\000d\000m}{subsection.3.1.2}% 45
\BOOKMARK [3][-]{subsubsection.3.1.2.36}{\376\377\0003\000.\0001\000.\0002\000.\0003\0006\000\040\000s\000d\000i\000m}{subsection.3.1.2}% 46
\BOOKMARK [3][-]{subsubsection.3.1.2.37}{\376\377\0003\000.\0001\000.\0002\000.\0003\0007\000\040\000s\000t\000d\000l\000o\000n}{subsection.3.1.2}% 47
\BOOKMARK [3][-]{subsubsection.3.1.2.38}{\376\377\0003\000.\0001\000.\0002\000.\0003\0008\000\040\000t\000i\000m\000e\000s}{subsection.3.1.2}% 48
\BOOKMARK [3][-]{subsubsection.3.1.2.39}{\376\377\0003\000.\0001\000.\0002\000.\0003\0009\000\040\000t\000i\000t\000l\000e}{subsection.3.1.2}% 49
\BOOKMARK [3][-]{subsubsection.3.1.2.40}{\376\377\0003\000.\0001\000.\0002\000.\0004\0000\000\040\000t\000r\000u\000l\000a\000t\0001}{subsection.3.1.2}% 50
\BOOKMARK [3][-]{subsubsection.3.1.2.41}{\376\377\0003\000.\0001\000.\0002\000.\0004\0001\000\040\000t\000r\000u\000l\000a\000t\0002}{subsection.3.1.2}% 51
\BOOKMARK [3][-]{subsubsection.3.1.2.42}{\376\377\0003\000.\0001\000.\0002\000.\0004\0002\000\040\000x\000l\000a\000t}{subsection.3.1.2}% 52
\BOOKMARK [3][-]{subsubsection.3.1.2.43}{\376\377\0003\000.\0001\000.\0002\000.\0004\0003\000\040\000x\000l\000o\000n}{subsection.3.1.2}% 53
\BOOKMARK [3][-]{subsubsection.3.1.2.44}{\376\377\0003\000.\0001\000.\0002\000.\0004\0004\000\040\000z\000l\000e\000v}{subsection.3.1.2}% 54
\BOOKMARK [0][-]{chapter.4}{\376\377\0004\000\040\000F\000i\000l\000e\000\040\000D\000o\000c\000u\000m\000e\000n\000t\000a\000t\000i\000o\000n}{}% 55
\BOOKMARK [1][-]{section.4.1}{\376\377\0004\000.\0001\000\040\000s\000o\000u\000r\000c\000e\000/\000c\000o\000n\000v\000i\000e\000r\000t\000e\000.\000F\0009\0000\000\040\000F\000i\000l\000e\000\040\000R\000e\000f\000e\000r\000e\000n\000c\000e}{chapter.4}% 56
\BOOKMARK [2][-]{subsection.4.1.1}{\376\377\0004\000.\0001\000.\0001\000\040\000F\000u\000n\000c\000t\000i\000o\000n\000/\000S\000u\000b\000r\000o\000u\000t\000i\000n\000e\000\040\000D\000o\000c\000u\000m\000e\000n\000t\000a\000t\000i\000o\000n}{section.4.1}% 57
\BOOKMARK [3][-]{subsubsection.4.1.1.1}{\376\377\0004\000.\0001\000.\0001\000.\0001\000\040\000n\000e\000i\000\137\0002\0000\0001\0001\000\050\000\051}{subsection.4.1.1}% 58
\BOOKMARK [1][-]{section.4.2}{\376\377\0004\000.\0002\000\040\000s\000o\000u\000r\000c\000e\000/\000g\000u\000a\000r\000d\000a\000.\000F\0009\0000\000\040\000F\000i\000l\000e\000\040\000R\000e\000f\000e\000r\000e\000n\000c\000e}{chapter.4}% 59
\BOOKMARK [2][-]{subsection.4.2.1}{\376\377\0004\000.\0002\000.\0001\000\040\000F\000u\000n\000c\000t\000i\000o\000n\000/\000S\000u\000b\000r\000o\000u\000t\000i\000n\000e\000\040\000D\000o\000c\000u\000m\000e\000n\000t\000a\000t\000i\000o\000n}{section.4.2}% 60
\BOOKMARK [3][-]{subsubsection.4.2.1.1}{\376\377\0004\000.\0002\000.\0001\000.\0001\000\040\000c\000r\000e\000a\000\137\000a\000t\000t\000r\000\050\000\051}{subsection.4.2.1}% 61
\BOOKMARK [3][-]{subsubsection.4.2.1.2}{\376\377\0004\000.\0002\000.\0001\000.\0002\000\040\000c\000r\000e\000a\000\137\000a\000t\000t\000r\0002\000\050\000\051}{subsection.4.2.1}% 62
\BOOKMARK [3][-]{subsubsection.4.2.1.3}{\376\377\0004\000.\0002\000.\0001\000.\0003\000\040\000g\000u\000a\000r\000d\000a\000\137\000e\000m\000i\000s\000i\000o\000n\000e\000s\000\050\000\051}{subsection.4.2.1}% 63
\BOOKMARK [1][-]{section.4.3}{\376\377\0004\000.\0003\000\040\000s\000o\000u\000r\000c\000e\000/\000l\000e\000e\000\137\000N\000E\000I\000.\000F\0009\0000\000\040\000F\000i\000l\000e\000\040\000R\000e\000f\000e\000r\000e\000n\000c\000e}{chapter.4}% 64
\BOOKMARK [2][-]{subsection.4.3.1}{\376\377\0004\000.\0003\000.\0001\000\040\000F\000u\000n\000c\000t\000i\000o\000n\000/\000S\000u\000b\000r\000o\000u\000t\000i\000n\000e\000\040\000D\000o\000c\000u\000m\000e\000n\000t\000a\000t\000i\000o\000n}{section.4.3}% 65
\BOOKMARK [3][-]{subsubsection.4.3.1.1}{\376\377\0004\000.\0003\000.\0001\000.\0001\000\040\000l\000e\000e\000\137\000n\000e\000i\000\050\000\051}{subsection.4.3.1}% 66
\BOOKMARK [1][-]{section.4.4}{\376\377\0004\000.\0004\000\040\000s\000o\000u\000r\000c\000e\000/\000l\000e\000e\000\137\000w\000r\000f\000i\000n\000p\000u\000t\000.\000F\0009\0000\000\040\000F\000i\000l\000e\000\040\000R\000e\000f\000e\000r\000e\000n\000c\000e}{chapter.4}% 67
\BOOKMARK [2][-]{subsection.4.4.1}{\376\377\0004\000.\0004\000.\0001\000\040\000F\000u\000n\000c\000t\000i\000o\000n\000/\000S\000u\000b\000r\000o\000u\000t\000i\000n\000e\000\040\000D\000o\000c\000u\000m\000e\000n\000t\000a\000t\000i\000o\000n}{section.4.4}% 68
\BOOKMARK [3][-]{subsubsection.4.4.1.1}{\376\377\0004\000.\0004\000.\0001\000.\0001\000\040\000l\000e\000e\000\137\000w\000r\000f\000i\000n\000p\000u\000t\000\050\000\051}{subsection.4.4.1}% 69
\BOOKMARK [1][-]{section.4.5}{\376\377\0004\000.\0005\000\040\000s\000o\000u\000r\000c\000e\000/\000m\000o\000d\000u\000l\000e\000\137\000v\000a\000r\000\137\000n\000e\000i\000.\000F\0009\0000\000\040\000F\000i\000l\000e\000\040\000R\000e\000f\000e\000r\000e\000n\000c\000e}{chapter.4}% 70
\BOOKMARK [1][-]{section.4.6}{\376\377\0004\000.\0006\000\040\000s\000o\000u\000r\000c\000e\000/\000t\000e\000s\000t\000s\000u\000i\000t\000e\000/\000t\000\137\000c\000h\000e\000c\000k\000.\000F\0009\0000\000\040\000F\000i\000l\000e\000\040\000R\000e\000f\000e\000r\000e\000n\000c\000e}{chapter.4}% 71
\BOOKMARK [2][-]{subsection.4.6.1}{\376\377\0004\000.\0006\000.\0001\000\040\000F\000u\000n\000c\000t\000i\000o\000n\000/\000S\000u\000b\000r\000o\000u\000t\000i\000n\000e\000\040\000D\000o\000c\000u\000m\000e\000n\000t\000a\000t\000i\000o\000n}{section.4.6}% 72
\BOOKMARK [3][-]{subsubsection.4.6.1.1}{\376\377\0004\000.\0006\000.\0001\000.\0001\000\040\000t\000e\000s\000t\000\137\000c\000h\000e\000c\000k\000\050\000\051}{subsection.4.6.1}% 73
\BOOKMARK [1][-]{section.4.7}{\376\377\0004\000.\0007\000\040\000s\000o\000u\000r\000c\000e\000/\000t\000e\000s\000t\000s\000u\000i\000t\000e\000/\000t\000e\000s\000t\000\137\000n\000m\000l\000.\000F\0009\0000\000\040\000F\000i\000l\000e\000\040\000R\000e\000f\000e\000r\000e\000n\000c\000e}{chapter.4}% 74
\BOOKMARK [2][-]{subsection.4.7.1}{\376\377\0004\000.\0007\000.\0001\000\040\000F\000u\000n\000c\000t\000i\000o\000n\000/\000S\000u\000b\000r\000o\000u\000t\000i\000n\000e\000\040\000D\000o\000c\000u\000m\000e\000n\000t\000a\000t\000i\000o\000n}{section.4.7}% 75
\BOOKMARK [3][-]{subsubsection.4.7.1.1}{\376\377\0004\000.\0007\000.\0001\000.\0001\000\040\000n\000m\000l\000\137\000r\000e\000a\000d\000\050\000\051}{subsection.4.7.1}% 76
\BOOKMARK [0][-]{section*.12}{\376\377\000I\000n\000d\000e\000x}{}% 77
